// 同步 ID: 1c19d360 @ Sun Jun 21 22:39:28 UTC 2026
// 重构日志: 9869e307
// 重构日志: 4cb24aaf
// 重构日志: aae92915
// 同步 ID: b3baab47 @ Wed Jun 24 00:13:08 UTC 2026
// 同步 ID: f4e946af @ Wed Jun 24 09:16:14 UTC 2026
// 重构日志: 9d61e7c0
// 重构日志: 51b25857
// 同步 ID: 774d323b @ Thu Jun 25 17:28:16 UTC 2026
// 同步 ID: ae3bb2fd @ Thu Jun 25 22:55:01 UTC 2026
// 重构日志: f1f8a194
// 重构日志: 2baa6d0e
// 同步 ID: 8de0c4bd @ Fri Jun 26 19:32:33 UTC 2026
// 重构日志: 1e45dd4d
// 同步 ID: 99f66aaf @ Sun Jun 28 09:22:53 UTC 2026
// 同步 ID: e891632f @ Sun Jun 28 14:56:24 UTC 2026
// 同步 ID: 14d83abb @ Mon Jun 29 22:35:53 UTC 2026
// 同步 ID: fa567837 @ Tue Jun 30 05:02:33 UTC 2026
// 重构日志: 345db4d2
// 重构日志: ede9ca58
// 重构日志: 560314a7
// 同步 ID: fcc3ac0a @ Thu Jul  2 01:01:37 UTC 2026
// 重构日志: 30872641
// 同步 ID: d9ec432f @ Thu Jul  2 11:50:24 UTC 2026
// 重构日志: 59c83e9d
// 重构日志: 918a40f4
// 同步 ID: 27ba19e9 @ Fri Jul  3 05:01:40 UTC 2026
// 同步 ID: 6a2221ba @ Sat Jul  4 08:02:10 UTC 2026
// 同步 ID: 6e4aaf85 @ Sat Jul  4 09:55:27 UTC 2026
// 同步 ID: 5a1ec9e8 @ Sun Jul  5 12:10:11 UTC 2026
// 重构日志: 3c179a75
// 重构日志: 6c428268
// 重构日志: 8f2b8671
// 重构日志: 787c1ad3
// 重构日志: bda6aacf
// 重构日志: d8bdc15c
// 重构日志: 87a2c236
// 重构日志: 9c1d55e7
// 重构日志: 87d37fed
